===============================================
TSP Solver Local Run
===============================================
Command: mpirun -np 8 ./wsp-mpi_v4 input/dist19
Requested: 1 nodes × 8 ppn = 8 ranks
Program version: wsp-mpi_v4
Input file: input/dist19
Started: Wed Jun 18 22:04:52 EDT 2025
Host: EthanWisc
Working directory: /mnt/c/opt/TSPMP/MPI-Wandering-Salesman-Solver
===============================================

System cores: 16
Executing: mpirun -np 8 ./wsp-mpi_v4 input/dist19

Stable hybrid search: 8 ranks, 2-3 tasks per rank, 16 OpenMP threads per rank
Optimal tour cost: 317   time: 5.821 s   ranks: 8
Optimal path: 0 18 3 13 14 17 8 5 10 12 4 7 2 15 1 11 6 16 9 0 

===============================================
Local Run Statistics
===============================================
Wall time: 6.293731613 seconds
Exit code: 0
Completed: Wed Jun 18 22:04:58 EDT 2025
===============================================
